0 info it worked if it ends with ok
1 verbose cli [ '/usr/bin/nodejs', '/usr/bin/npm', 'install', '-g', 'cordoba' ]
2 info using npm@2.15.1
3 info using node@v4.4.3
4 verbose install initial load of /usr/lib/package.json
5 verbose readDependencies loading dependencies from /usr/lib/package.json
6 silly cache add args [ 'cordoba', null ]
7 verbose cache add spec cordoba
8 silly cache add parsed spec Result {
8 silly cache add   raw: 'cordoba',
8 silly cache add   scope: null,
8 silly cache add   name: 'cordoba',
8 silly cache add   rawSpec: '',
8 silly cache add   spec: 'latest',
8 silly cache add   type: 'tag' }
9 silly addNamed cordoba@latest
10 verbose addNamed "latest" is being treated as a dist-tag for cordoba
11 info addNameTag [ 'cordoba', 'latest' ]
12 silly mapToRegistry name cordoba
13 silly mapToRegistry using default registry
14 silly mapToRegistry registry https://registry.npmjs.org/
15 silly mapToRegistry data Result {
15 silly mapToRegistry   raw: 'cordoba',
15 silly mapToRegistry   scope: null,
15 silly mapToRegistry   name: 'cordoba',
15 silly mapToRegistry   rawSpec: '',
15 silly mapToRegistry   spec: 'latest',
15 silly mapToRegistry   type: 'tag' }
16 silly mapToRegistry uri https://registry.npmjs.org/cordoba
17 verbose addNameTag registry:https://registry.npmjs.org/cordoba not in flight; fetching
18 verbose request uri https://registry.npmjs.org/cordoba
19 verbose request no auth needed
20 info attempt registry request try #1 at 00:26:55
21 verbose request id 87ccf58312a37ff2
22 http request GET https://registry.npmjs.org/cordoba
23 http 404 https://registry.npmjs.org/cordoba
24 verbose headers { 'content-type': 'application/json',
24 verbose headers   'cache-control': 'max-age=0',
24 verbose headers   'content-length': '2',
24 verbose headers   'accept-ranges': 'bytes',
24 verbose headers   date: 'Wed, 25 May 2016 03:26:56 GMT',
24 verbose headers   via: '1.1 varnish',
24 verbose headers   age: '0',
24 verbose headers   connection: 'keep-alive',
24 verbose headers   'x-served-by': 'cache-jfk1045-JFK',
24 verbose headers   'x-cache': 'MISS',
24 verbose headers   'x-cache-hits': '0',
24 verbose headers   'x-timer': 'S1464146816.346511,VS0,VE102',
24 verbose headers   vary: 'Accept-Encoding' }
25 silly get cb [ 404,
25 silly get   { 'content-type': 'application/json',
25 silly get     'cache-control': 'max-age=0',
25 silly get     'content-length': '2',
25 silly get     'accept-ranges': 'bytes',
25 silly get     date: 'Wed, 25 May 2016 03:26:56 GMT',
25 silly get     via: '1.1 varnish',
25 silly get     age: '0',
25 silly get     connection: 'keep-alive',
25 silly get     'x-served-by': 'cache-jfk1045-JFK',
25 silly get     'x-cache': 'MISS',
25 silly get     'x-cache-hits': '0',
25 silly get     'x-timer': 'S1464146816.346511,VS0,VE102',
25 silly get     vary: 'Accept-Encoding' } ]
26 verbose stack Error: Registry returned 404 for GET on https://registry.npmjs.org/cordoba
26 verbose stack     at makeError (/usr/lib/node_modules/npm/node_modules/npm-registry-client/lib/request.js:264:12)
26 verbose stack     at CachingRegistryClient.<anonymous> (/usr/lib/node_modules/npm/node_modules/npm-registry-client/lib/request.js:242:14)
26 verbose stack     at Request._callback (/usr/lib/node_modules/npm/node_modules/npm-registry-client/lib/request.js:172:14)
26 verbose stack     at Request.self.callback (/usr/lib/node_modules/npm/node_modules/request/request.js:199:22)
26 verbose stack     at emitTwo (events.js:87:13)
26 verbose stack     at Request.emit (events.js:172:7)
26 verbose stack     at Request.<anonymous> (/usr/lib/node_modules/npm/node_modules/request/request.js:1036:10)
26 verbose stack     at emitOne (events.js:82:20)
26 verbose stack     at Request.emit (events.js:169:7)
26 verbose stack     at IncomingMessage.<anonymous> (/usr/lib/node_modules/npm/node_modules/request/request.js:963:12)
27 verbose statusCode 404
28 verbose pkgid cordoba
29 verbose cwd /home/oscar/drinksApp
30 error Linux 4.4.0-22-generic
31 error argv "/usr/bin/nodejs" "/usr/bin/npm" "install" "-g" "cordoba"
32 error node v4.4.3
33 error npm  v2.15.1
34 error code E404
35 error 404 Registry returned 404 for GET on https://registry.npmjs.org/cordoba
35 error 404
35 error 404 'cordoba' is not in the npm registry.
35 error 404 You should bug the author to publish it (or use the name yourself!)
35 error 404
35 error 404 Note that you can also install from a
35 error 404 tarball, folder, http url, or git url.
36 verbose exit [ 1, true ]
